# JRE version: OpenJDK Runtime Environment (8.0_242-b01) (build 1.8.0_242-release-1644-b01)
# Java VM: OpenJDK 64-Bit Server VM (25.242-b01 mixed mode windows-amd64 compressed oops)
Heap:
 PSYoungGen      total 335360K, used 125798K [0x00000000d5580000, 0x00000000ee200000, 0x0000000100000000)
  eden space 289792K, 29% used [0x00000000d5580000,0x00000000da839350,0x00000000e7080000)
  from space 45568K, 90% used [0x00000000ea300000,0x00000000ecb20888,0x00000000ecf80000)
  to   space 51712K, 0% used [0x00000000e7080000,0x00000000e7080000,0x00000000ea300000)
 ParOldGen       total 181248K, used 61933K [0x0000000080000000, 0x000000008b100000, 0x00000000d5580000)
  object space 181248K, 34% used [0x0000000080000000,0x0000000083c7b548,0x000000008b100000)
 Metaspace       used 88624K, capacity 92712K, committed 95280K, reserved 1132544K
  class space    used 11765K, capacity 12577K, committed 13104K, reserved 1048576K
GC Heap History (10 events):
Event: 26.474 GC heap before
{Heap before GC invocations=16 (full 3):
 PSYoungGen      total 238592K, used 233469K [0x00000000d5580000, 0x00000000e5a80000, 0x0000000100000000)
  eden space 217600K, 100% used [0x00000000d5580000,0x00000000e2a00000,0x00000000e2a00000)
  from space 20992K, 75% used [0x00000000e3f80000,0x00000000e4eff620,0x00000000e5400000)
  to   space 22016K, 0% used [0x00000000e2a00000,0x00000000e2a00000,0x00000000e3f80000)
 ParOldGen       total 111616K, used 36058K [0x0000000080000000, 0x0000000086d00000, 0x00000000d5580000)
  object space 111616K, 32% used [0x0000000080000000,0x0000000082336a20,0x0000000086d00000)
 Metaspace       used 77845K, capacity 82332K, committed 82608K, reserved 1120256K
  class space    used 10802K, capacity 11639K, committed 11696K, reserved 1048576K
Event: 26.531 GC heap after
Heap after GC invocations=16 (full 3):
 PSYoungGen      total 239616K, used 21984K [0x00000000d5580000, 0x00000000e9300000, 0x0000000100000000)
  eden space 217600K, 0% used [0x00000000d5580000,0x00000000d5580000,0x00000000e2a00000)
  from space 22016K, 99% used [0x00000000e2a00000,0x00000000e3f782f8,0x00000000e3f80000)
  to   space 30720K, 0% used [0x00000000e7500000,0x00000000e7500000,0x00000000e9300000)
 ParOldGen       total 111616K, used 50453K [0x0000000080000000, 0x0000000086d00000, 0x00000000d5580000)
  object space 111616K, 45% used [0x0000000080000000,0x0000000083145518,0x0000000086d00000)
 Metaspace       used 77845K, capacity 82332K, committed 82608K, reserved 1120256K
  class space    used 10802K, capacity 11639K, committed 11696K, reserved 1048576K
}
Event: 29.358 GC heap before
{Heap before GC invocations=17 (full 3):
 PSYoungGen      total 239616K, used 239584K [0x00000000d5580000, 0x00000000e9300000, 0x0000000100000000)
  eden space 217600K, 100% used [0x00000000d5580000,0x00000000e2a00000,0x00000000e2a00000)
  from space 22016K, 99% used [0x00000000e2a00000,0x00000000e3f782f8,0x00000000e3f80000)
  to   space 30720K, 0% used [0x00000000e7500000,0x00000000e7500000,0x00000000e9300000)
 ParOldGen       total 111616K, used 50453K [0x0000000080000000, 0x0000000086d00000, 0x00000000d5580000)
  object space 111616K, 45% used [0x0000000080000000,0x0000000083145518,0x0000000086d00000)
 Metaspace       used 81326K, capacity 86426K, committed 86704K, reserved 1124352K
  class space    used 11229K, capacity 12174K, committed 12208K, reserved 1048576K
Event: 29.441 GC heap after
Heap after GC invocations=17 (full 3):
 PSYoungGen      total 277504K, used 30705K [0x00000000d5580000, 0x00000000eb980000, 0x0000000100000000)
  eden space 246784K, 0% used [0x00000000d5580000,0x00000000d5580000,0x00000000e4680000)
  from space 30720K, 99% used [0x00000000e7500000,0x00000000e92fc658,0x00000000e9300000)
  to   space 47616K, 0% used [0x00000000e4680000,0x00000000e4680000,0x00000000e7500000)
 ParOldGen       total 111616K, used 83573K [0x0000000080000000, 0x0000000086d00000, 0x00000000d5580000)
  object space 111616K, 74% used [0x0000000080000000,0x000000008519d5a0,0x0000000086d00000)
 Metaspace       used 81326K, capacity 86426K, committed 86704K, reserved 1124352K
  class space    used 11229K, capacity 12174K, committed 12208K, reserved 1048576K
}
Event: 213.051 GC heap before
{Heap before GC invocations=18 (full 3):
 PSYoungGen      total 277504K, used 277472K [0x00000000d5580000, 0x00000000eb980000, 0x0000000100000000)
  eden space 246784K, 99% used [0x00000000d5580000,0x00000000e467bae8,0x00000000e4680000)
  from space 30720K, 99% used [0x00000000e7500000,0x00000000e92fc658,0x00000000e9300000)
  to   space 47616K, 0% used [0x00000000e4680000,0x00000000e4680000,0x00000000e7500000)
 ParOldGen       total 111616K, used 83573K [0x0000000080000000, 0x0000000086d00000, 0x00000000d5580000)
  object space 111616K, 74% used [0x0000000080000000,0x000000008519d5a0,0x0000000086d00000)
 Metaspace       used 88944K, capacity 94534K, committed 94768K, reserved 1130496K
  class space    used 12053K, capacity 13090K, committed 13104K, reserved 1048576K
Event: 213.140 GC heap after
Heap after GC invocations=18 (full 3):
 PSYoungGen      total 294400K, used 20285K [0x00000000d5580000, 0x00000000ecf80000, 0x0000000100000000)
  eden space 246784K, 0% used [0x00000000d5580000,0x00000000d5580000,0x00000000e4680000)
  from space 47616K, 42% used [0x00000000e4680000,0x00000000e5a4f528,0x00000000e7500000)
  to   space 45568K, 0% used [0x00000000ea300000,0x00000000ea300000,0x00000000ecf80000)
 ParOldGen       total 111616K, used 103585K [0x0000000080000000, 0x0000000086d00000, 0x00000000d5580000)
  object space 111616K, 92% used [0x0000000080000000,0x00000000865284e0,0x0000000086d00000)
 Metaspace       used 88944K, capacity 94534K, committed 94768K, reserved 1130496K
  class space    used 12053K, capacity 13090K, committed 13104K, reserved 1048576K
}
Event: 213.140 GC heap before
{Heap before GC invocations=19 (full 4):
 PSYoungGen      total 294400K, used 20285K [0x00000000d5580000, 0x00000000ecf80000, 0x0000000100000000)
  eden space 246784K, 0% used [0x00000000d5580000,0x00000000d5580000,0x00000000e4680000)
  from space 47616K, 42% used [0x00000000e4680000,0x00000000e5a4f528,0x00000000e7500000)
  to   space 45568K, 0% used [0x00000000ea300000,0x00000000ea300000,0x00000000ecf80000)
 ParOldGen       total 111616K, used 103585K [0x0000000080000000, 0x0000000086d00000, 0x00000000d5580000)
  object space 111616K, 92% used [0x0000000080000000,0x00000000865284e0,0x0000000086d00000)
 Metaspace       used 88944K, capacity 94534K, committed 94768K, reserved 1130496K
  class space    used 12053K, capacity 13090K, committed 13104K, reserved 1048576K
Event: 213.968 GC heap after
Heap after GC invocations=19 (full 4):
 PSYoungGen      total 294400K, used 0K [0x00000000d5580000, 0x00000000ecf80000, 0x0000000100000000)
  eden space 246784K, 0% used [0x00000000d5580000,0x00000000d5580000,0x00000000e4680000)
  from space 47616K, 0% used [0x00000000e4680000,0x00000000e4680000,0x00000000e7500000)
  to   space 45568K, 0% used [0x00000000ea300000,0x00000000ea300000,0x00000000ecf80000)
 ParOldGen       total 181248K, used 61925K [0x0000000080000000, 0x000000008b100000, 0x00000000d5580000)
  object space 181248K, 34% used [0x0000000080000000,0x0000000083c79548,0x000000008b100000)
 Metaspace       used 88056K, capacity 92096K, committed 94768K, reserved 1130496K
  class space    used 11755K, capacity 12565K, committed 13104K, reserved 1048576K
}
Event: 220.466 GC heap before
{Heap before GC invocations=20 (full 4):
 PSYoungGen      total 294400K, used 246777K [0x00000000d5580000, 0x00000000ecf80000, 0x0000000100000000)
  eden space 246784K, 99% used [0x00000000d5580000,0x00000000e467e778,0x00000000e4680000)
  from space 47616K, 0% used [0x00000000e4680000,0x00000000e4680000,0x00000000e7500000)
  to   space 45568K, 0% used [0x00000000ea300000,0x00000000ea300000,0x00000000ecf80000)
 ParOldGen       total 181248K, used 61925K [0x0000000080000000, 0x000000008b100000, 0x00000000d5580000)
  object space 181248K, 34% used [0x0000000080000000,0x0000000083c79548,0x000000008b100000)
 Metaspace       used 88549K, capacity 92606K, committed 95024K, reserved 1130496K
  class space    used 11761K, capacity 12570K, committed 13104K, reserved 1048576K
Event: 220.557 GC heap after
Heap after GC invocations=20 (full 4):
 PSYoungGen      total 335360K, used 41090K [0x00000000d5580000, 0x00000000ee200000, 0x0000000100000000)
  eden space 289792K, 0% used [0x00000000d5580000,0x00000000d5580000,0x00000000e7080000)
  from space 45568K, 90% used [0x00000000ea300000,0x00000000ecb20888,0x00000000ecf80000)
  to   space 51712K, 0% used [0x00000000e7080000,0x00000000e7080000,0x00000000ea300000)
 ParOldGen       total 181248K, used 61933K [0x0000000080000000, 0x000000008b100000, 0x00000000d5580000)
  object space 181248K, 34% used [0x0000000080000000,0x0000000083c7b548,0x000000008b100000)
 Metaspace       used 88549K, capacity 92606K, committed 95024K, reserved 1130496K
  class space    used 11761K, capacity 12570K, committed 13104K, reserved 1048576K
}

