# JRE version: OpenJDK Runtime Environment (8.0_242-b01) (build 1.8.0_242-release-1644-b01)
# Java VM: OpenJDK 64-Bit Server VM (25.242-b01 mixed mode windows-amd64 compressed oops)
Heap:
 PSYoungGen      total 657920K, used 640430K [0x00000000d5580000, 0x0000000100000000, 0x0000000100000000)
  eden space 625152K, 98% used [0x00000000d5580000,0x00000000fad56e28,0x00000000fb800000)
  from space 32768K, 79% used [0x00000000fe000000,0x00000000ff994c40,0x0000000100000000)
  to   space 36864K, 0% used [0x00000000fb800000,0x00000000fb800000,0x00000000fdc00000)
 ParOldGen       total 188928K, used 137151K [0x0000000080000000, 0x000000008b880000, 0x00000000d5580000)
  object space 188928K, 72% used [0x0000000080000000,0x00000000885efc70,0x000000008b880000)
 Metaspace       used 111520K, capacity 117682K, committed 117928K, reserved 1150976K
  class space    used 14274K, capacity 15440K, committed 15528K, reserved 1048576K
GC Heap History (10 events):
Event: 73.737 GC heap before
{Heap before GC invocations=26 (full 4):
 PSYoungGen      total 608768K, used 585399K [0x00000000d5580000, 0x00000000ffb80000, 0x0000000100000000)
  eden space 574976K, 100% used [0x00000000d5580000,0x00000000f8700000,0x00000000f8700000)
  from space 33792K, 30% used [0x00000000f8700000,0x00000000f912df20,0x00000000fa800000)
  to   space 31744K, 0% used [0x00000000fdc80000,0x00000000fdc80000,0x00000000ffb80000)
 ParOldGen       total 188928K, used 115632K [0x0000000080000000, 0x000000008b880000, 0x00000000d5580000)
  object space 188928K, 61% used [0x0000000080000000,0x00000000870ec098,0x000000008b880000)
 Metaspace       used 84619K, capacity 88458K, committed 89640K, reserved 1126400K
  class space    used 11273K, capacity 11974K, committed 12328K, reserved 1048576K
Event: 73.815 GC heap after
Heap after GC invocations=26 (full 4):
 PSYoungGen      total 663552K, used 4992K [0x00000000d5580000, 0x00000000ffc00000, 0x0000000100000000)
  eden space 631808K, 0% used [0x00000000d5580000,0x00000000d5580000,0x00000000fbe80000)
  from space 31744K, 15% used [0x00000000fdc80000,0x00000000fe160000,0x00000000ffb80000)
  to   space 30720K, 0% used [0x00000000fbe80000,0x00000000fbe80000,0x00000000fdc80000)
 ParOldGen       total 188928K, used 123994K [0x0000000080000000, 0x000000008b880000, 0x00000000d5580000)
  object space 188928K, 65% used [0x0000000080000000,0x0000000087916890,0x000000008b880000)
 Metaspace       used 84619K, capacity 88458K, committed 89640K, reserved 1126400K
  class space    used 11273K, capacity 11974K, committed 12328K, reserved 1048576K
}
Event: 76.453 GC heap before
{Heap before GC invocations=27 (full 4):
 PSYoungGen      total 663552K, used 636800K [0x00000000d5580000, 0x00000000ffc00000, 0x0000000100000000)
  eden space 631808K, 100% used [0x00000000d5580000,0x00000000fbe80000,0x00000000fbe80000)
  from space 31744K, 15% used [0x00000000fdc80000,0x00000000fe160000,0x00000000ffb80000)
  to   space 30720K, 0% used [0x00000000fbe80000,0x00000000fbe80000,0x00000000fdc80000)
 ParOldGen       total 188928K, used 123994K [0x0000000080000000, 0x000000008b880000, 0x00000000d5580000)
  object space 188928K, 65% used [0x0000000080000000,0x0000000087916890,0x000000008b880000)
 Metaspace       used 85083K, capacity 89000K, committed 89896K, reserved 1126400K
  class space    used 11336K, capacity 12035K, committed 12328K, reserved 1048576K
Event: 76.478 GC heap after
Heap after GC invocations=27 (full 4):
 PSYoungGen      total 662528K, used 6826K [0x00000000d5580000, 0x00000000ffd00000, 0x0000000100000000)
  eden space 631808K, 0% used [0x00000000d5580000,0x00000000d5580000,0x00000000fbe80000)
  from space 30720K, 22% used [0x00000000fbe80000,0x00000000fc52a8d0,0x00000000fdc80000)
  to   space 29696K, 0% used [0x00000000fe000000,0x00000000fe000000,0x00000000ffd00000)
 ParOldGen       total 188928K, used 128075K [0x0000000080000000, 0x000000008b880000, 0x00000000d5580000)
  object space 188928K, 67% used [0x0000000080000000,0x0000000087d12f40,0x000000008b880000)
 Metaspace       used 85083K, capacity 89000K, committed 89896K, reserved 1126400K
  class space    used 11336K, capacity 12035K, committed 12328K, reserved 1048576K
}
Event: 83.221 GC heap before
{Heap before GC invocations=28 (full 4):
 PSYoungGen      total 662528K, used 638634K [0x00000000d5580000, 0x00000000ffd00000, 0x0000000100000000)
  eden space 631808K, 100% used [0x00000000d5580000,0x00000000fbe80000,0x00000000fbe80000)
  from space 30720K, 22% used [0x00000000fbe80000,0x00000000fc52a8d0,0x00000000fdc80000)
  to   space 29696K, 0% used [0x00000000fe000000,0x00000000fe000000,0x00000000ffd00000)
 ParOldGen       total 188928K, used 128075K [0x0000000080000000, 0x000000008b880000, 0x00000000d5580000)
  object space 188928K, 67% used [0x0000000080000000,0x0000000087d12f40,0x000000008b880000)
 Metaspace       used 87534K, capacity 91588K, committed 92200K, reserved 1128448K
  class space    used 11577K, capacity 12323K, committed 12584K, reserved 1048576K
Event: 83.248 GC heap after
Heap after GC invocations=28 (full 4):
 PSYoungGen      total 667136K, used 13522K [0x00000000d5580000, 0x00000000ffd00000, 0x0000000100000000)
  eden space 637440K, 0% used [0x00000000d5580000,0x00000000d5580000,0x00000000fc400000)
  from space 29696K, 45% used [0x00000000fe000000,0x00000000fed34918,0x00000000ffd00000)
  to   space 28672K, 0% used [0x00000000fc400000,0x00000000fc400000,0x00000000fe000000)
 ParOldGen       total 188928K, used 128083K [0x0000000080000000, 0x000000008b880000, 0x00000000d5580000)
  object space 188928K, 67% used [0x0000000080000000,0x0000000087d14f40,0x000000008b880000)
 Metaspace       used 87534K, capacity 91588K, committed 92200K, reserved 1128448K
  class space    used 11577K, capacity 12323K, committed 12584K, reserved 1048576K
}
Event: 1936.060 GC heap before
{Heap before GC invocations=29 (full 4):
 PSYoungGen      total 667136K, used 650962K [0x00000000d5580000, 0x00000000ffd00000, 0x0000000100000000)
  eden space 637440K, 100% used [0x00000000d5580000,0x00000000fc400000,0x00000000fc400000)
  from space 29696K, 45% used [0x00000000fe000000,0x00000000fed34918,0x00000000ffd00000)
  to   space 28672K, 0% used [0x00000000fc400000,0x00000000fc400000,0x00000000fe000000)
 ParOldGen       total 188928K, used 128083K [0x0000000080000000, 0x000000008b880000, 0x00000000d5580000)
  object space 188928K, 67% used [0x0000000080000000,0x0000000087d14f40,0x000000008b880000)
 Metaspace       used 93779K, capacity 98314K, committed 98472K, reserved 1134592K
  class space    used 12227K, capacity 13102K, committed 13224K, reserved 1048576K
Event: 1936.416 GC heap after
Heap after GC invocations=29 (full 4):
 PSYoungGen      total 666112K, used 28642K [0x00000000d5580000, 0x0000000100000000, 0x0000000100000000)
  eden space 637440K, 0% used [0x00000000d5580000,0x00000000d5580000,0x00000000fc400000)
  from space 28672K, 99% used [0x00000000fc400000,0x00000000fdff8878,0x00000000fe000000)
  to   space 32768K, 0% used [0x00000000fe000000,0x00000000fe000000,0x0000000100000000)
 ParOldGen       total 188928K, used 129605K [0x0000000080000000, 0x000000008b880000, 0x00000000d5580000)
  object space 188928K, 68% used [0x0000000080000000,0x0000000087e914a0,0x000000008b880000)
 Metaspace       used 93779K, capacity 98314K, committed 98472K, reserved 1134592K
  class space    used 12227K, capacity 13102K, committed 13224K, reserved 1048576K
}
Event: 7174.915 GC heap before
{Heap before GC invocations=30 (full 4):
 PSYoungGen      total 666112K, used 666082K [0x00000000d5580000, 0x0000000100000000, 0x0000000100000000)
  eden space 637440K, 100% used [0x00000000d5580000,0x00000000fc400000,0x00000000fc400000)
  from space 28672K, 99% used [0x00000000fc400000,0x00000000fdff8878,0x00000000fe000000)
  to   space 32768K, 0% used [0x00000000fe000000,0x00000000fe000000,0x0000000100000000)
 ParOldGen       total 188928K, used 129605K [0x0000000080000000, 0x000000008b880000, 0x00000000d5580000)
  object space 188928K, 68% used [0x0000000080000000,0x0000000087e914a0,0x000000008b880000)
 Metaspace       used 100464K, capacity 105988K, committed 106152K, reserved 1140736K
  class space    used 12963K, capacity 13965K, committed 13992K, reserved 1048576K
Event: 7175.226 GC heap after
Heap after GC invocations=30 (full 4):
 PSYoungGen      total 657920K, used 26195K [0x00000000d5580000, 0x0000000100000000, 0x0000000100000000)
  eden space 625152K, 0% used [0x00000000d5580000,0x00000000d5580000,0x00000000fb800000)
  from space 32768K, 79% used [0x00000000fe000000,0x00000000ff994c40,0x0000000100000000)
  to   space 36864K, 0% used [0x00000000fb800000,0x00000000fb800000,0x00000000fdc00000)
 ParOldGen       total 188928K, used 137151K [0x0000000080000000, 0x000000008b880000, 0x00000000d5580000)
  object space 188928K, 72% used [0x0000000080000000,0x00000000885efc70,0x000000008b880000)
 Metaspace       used 100464K, capacity 105988K, committed 106152K, reserved 1140736K
  class space    used 12963K, capacity 13965K, committed 13992K, reserved 1048576K
}

